<?xml version="1.0" encoding="UTF-8"?>
<testsuite name="VivifyTest" tests="1" skipped="0" failures="0" errors="0" timestamp="2018-08-30T15:14:29" hostname="DESKTOP-3002P18" time="0.005">
  <properties/>
  <testcase name="testSomeLibraryMethod" classname="VivifyTest" time="0.005"/>
  <system-out><![CDATA[]]></system-out>
  <system-err><![CDATA[]]></system-err>
</testsuite>
